c:\users\ehlion\documents\visual studio 2015\projects\tuto_sfml\tuto_sfml\debug\vc140.pdb
c:\users\ehlion\documents\visual studio 2015\projects\tuto_sfml\tuto_sfml\debug\vc140.idb
c:\users\ehlion\documents\visual studio 2015\projects\tuto_sfml\tuto_sfml\debug\obj.obj
c:\users\ehlion\documents\visual studio 2015\projects\tuto_sfml\tuto_sfml\debug\structurecubique.obj
c:\users\ehlion\documents\visual studio 2015\projects\tuto_sfml\tuto_sfml\debug\conversion.obj
c:\users\ehlion\documents\visual studio 2015\projects\tuto_sfml\tuto_sfml\debug\complexecubique.obj
c:\users\ehlion\documents\visual studio 2015\projects\tuto_sfml\tuto_sfml\debug\controlleur.obj
c:\users\ehlion\documents\visual studio 2015\projects\tuto_sfml\tuto_sfml\debug\trackball.obj
c:\users\ehlion\documents\visual studio 2015\projects\tuto_sfml\tuto_sfml\debug\windowopengl.obj
c:\users\ehlion\documents\visual studio 2015\projects\tuto_sfml\tuto_sfml\debug\delay.obj
c:\users\ehlion\documents\visual studio 2015\projects\tuto_sfml\tuto_sfml\debug\main.obj
c:\users\ehlion\documents\visual studio 2015\projects\tuto_sfml\tuto_sfml\debug\menu.obj
c:\users\ehlion\documents\visual studio 2015\projects\tuto_sfml\tuto_sfml\debug\paramaffichagedim.obj
c:\users\ehlion\documents\visual studio 2015\projects\tuto_sfml\tuto_sfml\debug\optionaffichage.obj
c:\users\ehlion\documents\visual studio 2015\projects\tuto_sfml\tuto_sfml\debug\pgm3d.obj
c:\users\ehlion\documents\visual studio 2015\projects\tuto_sfml\tuto_sfml\debug\object.obj
c:\users\ehlion\documents\visual studio 2015\projects\tuto_sfml\tuto_sfml\debug\obj2.obj
c:\users\ehlion\documents\visual studio 2015\projects\tuto_sfml\tuto_sfml\debug\controlleur2.obj
c:\users\ehlion\documents\visual studio 2015\projects\tuto_sfml\debug\tuto_sfml.ilk
c:\users\ehlion\documents\visual studio 2015\projects\tuto_sfml\debug\tuto_sfml.exe
c:\users\ehlion\documents\visual studio 2015\projects\tuto_sfml\debug\tuto_sfml.pdb
c:\users\ehlion\documents\visual studio 2015\projects\tuto_sfml\tuto_sfml\debug\tuto_sfml.tlog\cl.command.1.tlog
c:\users\ehlion\documents\visual studio 2015\projects\tuto_sfml\tuto_sfml\debug\tuto_sfml.tlog\cl.read.1.tlog
c:\users\ehlion\documents\visual studio 2015\projects\tuto_sfml\tuto_sfml\debug\tuto_sfml.tlog\cl.write.1.tlog
c:\users\ehlion\documents\visual studio 2015\projects\tuto_sfml\tuto_sfml\debug\tuto_sfml.tlog\link-cvtres.read.1.tlog
c:\users\ehlion\documents\visual studio 2015\projects\tuto_sfml\tuto_sfml\debug\tuto_sfml.tlog\link-cvtres.write.1.tlog
c:\users\ehlion\documents\visual studio 2015\projects\tuto_sfml\tuto_sfml\debug\tuto_sfml.tlog\link-rc.read.1.tlog
c:\users\ehlion\documents\visual studio 2015\projects\tuto_sfml\tuto_sfml\debug\tuto_sfml.tlog\link-rc.write.1.tlog
c:\users\ehlion\documents\visual studio 2015\projects\tuto_sfml\tuto_sfml\debug\tuto_sfml.tlog\link.11700-cvtres.read.1.tlog
c:\users\ehlion\documents\visual studio 2015\projects\tuto_sfml\tuto_sfml\debug\tuto_sfml.tlog\link.11700-cvtres.write.1.tlog
c:\users\ehlion\documents\visual studio 2015\projects\tuto_sfml\tuto_sfml\debug\tuto_sfml.tlog\link.11700-rc.read.1.tlog
c:\users\ehlion\documents\visual studio 2015\projects\tuto_sfml\tuto_sfml\debug\tuto_sfml.tlog\link.11700-rc.write.1.tlog
c:\users\ehlion\documents\visual studio 2015\projects\tuto_sfml\tuto_sfml\debug\tuto_sfml.tlog\link.11700.read.1.tlog
c:\users\ehlion\documents\visual studio 2015\projects\tuto_sfml\tuto_sfml\debug\tuto_sfml.tlog\link.11700.write.1.tlog
c:\users\ehlion\documents\visual studio 2015\projects\tuto_sfml\tuto_sfml\debug\tuto_sfml.tlog\link.command.1.tlog
c:\users\ehlion\documents\visual studio 2015\projects\tuto_sfml\tuto_sfml\debug\tuto_sfml.tlog\link.read.1.tlog
c:\users\ehlion\documents\visual studio 2015\projects\tuto_sfml\tuto_sfml\debug\tuto_sfml.tlog\link.write.1.tlog
