La génération a démarré 20/01/2016 16:22:09.
     1>Projet "C:\Users\Ehlion\Documents\Visual Studio 2015\Projects\WatcHomFinale\WatcHom\Tuto_SFML.vcxproj" sur le nœud 2 (Build cible(s)).
     1>ClCompile:
         C:\Program Files (x86)\Microsoft Visual Studio 14.0\VC\bin\CL.exe /c /I"C:\LibC\assimp-3.2\include" /I"C:\LibC\freeglut-3.0.0\include" /I"C:\LibC\SFML-2.3.2\include" /I"C:\LibC\SFGUI-0.3.0\include" /I"C:\Users\Ehlion\Documents\Visual Studio 2015\Projects\Tuto_SFML\Tuto_SFML\include" /I"C:\Users\Ehlion\Documents\Visual Studio 2015\Projects\Tuto_SFML\Tuto_SFML\include" /I"C:\LibC\SFML-2.3.2\include" /ZI /nologo /W3 /WX- /sdl /Od /Oy- /D _MBCS /Gm /EHsc /RTC1 /MDd /GS /fp:precise /Zc:wchar_t /Zc:forScope /Zc:inline /Fo"Debug\\" /Fd"Debug\vc140.pdb" /Gd /TP /analyze- /errorReport:prompt include\Data\Object\Object.cpp src\Data\Obj.cpp src\Data\Obj2.cpp include\Data\StructureCubique.hpp src\Data\Conversion.cpp src\Data\ComplexeCubique.cpp src\Data\StructureCubique.tpp src\Engine\Controlleur.cpp src\Engine\Controlleur2.cpp src\Engine\Modeleur.cpp src\Engine\trackball.cpp src\Interface\WindowOpenGL.cpp src\Delay.cpp src\main.cpp src\Interface\Menu.cpp src\Interface\ParamAffichageDim.cpp src\Interface\OptionAffichage.cpp src\Data\PGM3D.cpp
         PGM3D.cpp
         OptionAffichage.cpp
         ParamAffichageDim.cpp
         Menu.cpp
         main.cpp
         Delay.cpp
         WindowOpenGL.cpp
         trackball.cpp
     1>c:\users\ehlion\documents\visual studio 2015\projects\watchomfinale\watchom\src\engine\trackball.cpp(33): warning C4244: '=' : conversion de 'double' en 'float', perte possible de données
     1>c:\users\ehlion\documents\visual studio 2015\projects\watchomfinale\watchom\src\engine\trackball.cpp(34): warning C4244: '=' : conversion de 'double' en 'float', perte possible de données
     1>c:\users\ehlion\documents\visual studio 2015\projects\watchomfinale\watchom\src\engine\trackball.cpp(37): warning C4244: '=' : conversion de 'double' en 'float', perte possible de données
     1>c:\users\ehlion\documents\visual studio 2015\projects\watchomfinale\watchom\src\engine\trackball.cpp(146): warning C4244: '=' : conversion de 'double' en 'GLfloat', perte possible de données
         Modeleur.cpp
         Controlleur2.cpp
         Controlleur.cpp
         StructureCubique.tpp
         ComplexeCubique.cpp
         Conversion.cpp
         StructureCubique.hpp
         Obj2.cpp
         Obj.cpp
     1>c:\users\ehlion\documents\visual studio 2015\projects\watchomfinale\watchom\src\data\obj.cpp(15): warning C4800: 'aiReturn' : valeur forcée à la valeur booléenne 'true' ou 'false' (avertissement sur les performances)
         Object.cpp
         Génération de code en cours...
       Link:
         C:\Program Files (x86)\Microsoft Visual Studio 14.0\VC\bin\link.exe /ERRORREPORT:PROMPT /OUT:"C:\Users\Ehlion\Documents\Visual Studio 2015\Projects\WatcHomFinale\Debug\Tuto_SFML.exe" /INCREMENTAL /NOLOGO /LIBPATH:"C:\LibC\assimp-3.2\Build\code" /LIBPATH:"C:\LibC\freeglut-3.0.0\Build\lib" /LIBPATH:"C:\LibC\SFGUI-0.3.0\Build\lib" /LIBPATH:"C:\LibC\SFML-2.3.2\lib" "sfml-graphics-d.lib" "sfml-window-d.lib" "sfml-system-d.lib" "Debug\sfgui-d.lib" Debug\freeglutd.lib "Debug\assimp-vc130-mtd.lib" kernel32.lib user32.lib gdi32.lib winspool.lib comdlg32.lib advapi32.lib shell32.lib ole32.lib oleaut32.lib uuid.lib odbc32.lib odbccp32.lib /MANIFEST /MANIFESTUAC:"level='asInvoker' uiAccess='false'" /manifest:embed /Debug /PDB:"C:\Users\Ehlion\Documents\Visual Studio 2015\Projects\WatcHomFinale\Debug\Tuto_SFML.pdb" /TLBID:1 /DYNAMICBASE /NXCOMPAT /IMPLIB:"C:\Users\Ehlion\Documents\Visual Studio 2015\Projects\WatcHomFinale\Debug\Tuto_SFML.lib" /MACHINE:X86 Debug\Object.obj
         Debug\Obj.obj
         Debug\Obj2.obj
         Debug\StructureCubique.obj
         Debug\Conversion.obj
         Debug\ComplexeCubique.obj
         Debug\StructureCubique.obj
         Debug\Controlleur.obj
         Debug\Controlleur2.obj
         Debug\Modeleur.obj
         Debug\trackball.obj
         Debug\WindowOpenGL.obj
         Debug\Delay.obj
         Debug\main.obj
         Debug\Menu.obj
         Debug\ParamAffichageDim.obj
         Debug\OptionAffichage.obj
         Debug\PGM3D.obj
     1>Debug\StructureCubique.obj : warning LNK4042: objet spécifié plus d'une fois ; définitions supplémentaires ignorées
         Tuto_SFML.vcxproj -> C:\Users\Ehlion\Documents\Visual Studio 2015\Projects\WatcHomFinale\Debug\Tuto_SFML.exe
     1>Génération du projet "C:\Users\Ehlion\Documents\Visual Studio 2015\Projects\WatcHomFinale\WatcHom\Tuto_SFML.vcxproj" terminée (Build cible(s)).

La génération a réussi.

Temps écoulé 00:00:12.13
